\BOOKMARK [0][-]{chapter*.12}{Liste des algorithmes}{}% 1
\BOOKMARK [0][-]{chapter*.13}{Table des figures}{}% 2
\BOOKMARK [0][-]{chapter*.14}{Liste des tableaux}{}% 3
\BOOKMARK [0][-]{chapter.1}{Introduction g\351n\351rale}{}% 4
\BOOKMARK [1][-]{section.1.1}{Contexte et motivations}{chapter.1}% 5
\BOOKMARK [1][-]{section.1.2}{Objectifs de la th\350se}{chapter.1}% 6
\BOOKMARK [1][-]{section.1.3}{Plan de la th\350se}{chapter.1}% 7
\BOOKMARK [0][-]{chapter.2}{\311tat de l'art du probl\350me SMEPC}{}% 8
\BOOKMARK [1][-]{section.2.1}{Introduction}{chapter.2}% 9
\BOOKMARK [1][-]{section.2.2}{Recherche Op\351rationelle et \311nergie }{chapter.2}% 10
\BOOKMARK [1][-]{section.2.3}{Probl\351matique g\351n\351rale de synchronisation}{chapter.2}% 11
\BOOKMARK [1][-]{section.2.4}{Conclusion}{chapter.2}% 12
\BOOKMARK [0][-]{chapter.3}{Etat de l'art sur les m\351thodes }{}% 13
\BOOKMARK [1][-]{section.3.1}{Introduction}{chapter.3}% 14
\BOOKMARK [1][-]{section.3.2}{Programmation dynamique}{chapter.3}% 15
\BOOKMARK [1][-]{section.3.3}{Apprentissage : Machine Learning}{chapter.3}% 16
\BOOKMARK [1][-]{section.3.4}{Conclusion}{chapter.3}% 17
\BOOKMARK [0][-]{chapter.4}{Sch\351ma de programmation dynamique pour r\351soudre SMEPC}{}% 18
\BOOKMARK [1][-]{section.4.1}{Introduction}{chapter.4}% 19
\BOOKMARK [1][-]{section.4.2}{Le probl\350me SMEPC : Synchronous Management of Energy Production and Consumption}{chapter.4}% 20
\BOOKMARK [1][-]{section.4.3}{Extensions du probl\350me SMEPC}{chapter.4}% 21
\BOOKMARK [1][-]{section.4.4}{Mod\351lisation du probl\350me SMEPC}{chapter.4}% 22
\BOOKMARK [1][-]{section.4.5}{Un algorithme int\351gr\351 de programmation dynamique pour SMEPC : DPS\137SMEPC}{chapter.4}% 23
